net.sf.JRecord.Details.Line@4199cbf6
net.sf.JRecord.Details.Line@648adb6c
net.sf.JRecord.Details.Line@6639886b
net.sf.JRecord.Details.Line@7f63c40f
net.sf.JRecord.Details.Line@294544ff
net.sf.JRecord.Details.Line@57c26a33
net.sf.JRecord.Details.Line@5c550c3d
net.sf.JRecord.Details.Line@5e03cb64
net.sf.JRecord.Details.Line@2289fb8
net.sf.JRecord.Details.Line@6ea7c88e
net.sf.JRecord.Details.Line@4a1fbd1b
net.sf.JRecord.Details.Line@3769ec24
net.sf.JRecord.Details.Line@d7e5883
net.sf.JRecord.Details.Line@1fa7f868
net.sf.JRecord.Details.Line@7f05f245
net.sf.JRecord.Details.Line@1de1a8f6
net.sf.JRecord.Details.Line@482046a3
net.sf.JRecord.Details.Line@67ee0e92
net.sf.JRecord.Details.Line@691d02e8
net.sf.JRecord.Details.Line@7008f468
net.sf.JRecord.Details.Line@152ac169
net.sf.JRecord.Details.Line@13ff5bcf
net.sf.JRecord.Details.Line@36429767
net.sf.JRecord.Details.Line@236c5ebe
net.sf.JRecord.Details.Line@46e545f
net.sf.JRecord.Details.Line@6fe8e327
net.sf.JRecord.Details.Line@4b5cc422
net.sf.JRecord.Details.Line@28ee6c4a
net.sf.JRecord.Details.Line@78d98704
net.sf.JRecord.Details.Line@7186485e
00001Dud                                          Ishak                                        dishak0@alexa.com                            Male                                         970-613-2617                                 Ukraine                                      24-06-2012                                   
00002Jolyn                                        Brag                                         jbragg1@go.com                               Female                                       614-319-7266                                 United States                                18-09-2003                                   
00003Sallie                                       Gaw                                          sgaw2@mit.edu                                Female                                       997-395-9270                                 France                                       12-05-1994                                   
00004Belle                                        DeBiasi                                      bdebiasi3@ucla.edu                           Female                                       592-563-0424                                 DRC                                          08-04-2001                                   
00005Bing                                         Filov                                        bfilov4@engadget.com                         Male                                         343-984-1150                                 Indonesia                                    19-10-1992                                   
00006West                                         Douberday                                    rday5@mozilla.org                            Male                                         615-444-4318                                 Brazil                                       24-05-1990                                   
00007Marion                                       Northridge                                   ridge6@newsvine.com                          Female                                       149-504-2848                                 Dominican Republic                           01-04-2020                                   
00008Hillary                                      Whittle                                      hwhittle7@free.fr                            Male                                         800-103-2454                                 China                                        09-05-1993                                   
00009Standford                                    Semour                                       ssemour8@live.com                            Male                                         442-441-9317                                 Indonesia                                    24-10-2010                                   
00010Babs                                         Orridge                                      borridge9@exblog.jp                          Female                                       654-596-4163                                 Netherlands                                  04-08-1999                                   
